<?xml version="1.0" encoding="UTF-8"?>
<robot generator="Robot 7.3.2 (Python 3.11.9 on win32)" generated="2025-09-15T21:42:10.087018" rpa="false" schemaversion="5">
<suite id="s1" name="Event Registration Fail" source="D:\SQA\Lab10\Starterfiles\Starterfiles\Test\Login_fail\event_registration_fail.robot">
<test id="s1-t1" name="Event Registration Validation Scenario" line="16">
<kw name="Test Empty First Name">
<kw name="Log" owner="BuiltIn">
<msg time="2025-09-15T21:42:10.232122" level="INFO">=== Test Case 1: Empty First Name ===</msg>
<arg>=== Test Case 1: Empty First Name ===</arg>
<doc>Logs the given message with the given level.</doc>
<status status="PASS" start="2025-09-15T21:42:10.232122" elapsed="0.000000"/>
</kw>
<kw name="Open Registration Page">
<kw name="Open Browser" owner="SeleniumLibrary">
<msg time="2025-09-15T21:42:10.233625" level="INFO">Opening browser 'Chrome' to base url 'http://localhost:7272/Registration.html'.</msg>
<arg>${URL}</arg>
<arg>${BROWSER}</arg>
<doc>Opens a new browser instance to the optional ``url``.</doc>
<status status="PASS" start="2025-09-15T21:42:10.233625" elapsed="1.396111"/>
</kw>
<kw name="Maximize Browser Window" owner="SeleniumLibrary">
<doc>Maximizes current browser window.</doc>
<status status="PASS" start="2025-09-15T21:42:11.630735" elapsed="0.029605"/>
</kw>
<kw name="Wait Until Page Contains" owner="SeleniumLibrary">
<arg>Event Registration</arg>
<arg>timeout=10s</arg>
<doc>Waits until ``text`` appears on the current page.</doc>
<status status="PASS" start="2025-09-15T21:42:11.660340" elapsed="0.009359"/>
</kw>
<status status="PASS" start="2025-09-15T21:42:10.232122" elapsed="1.437577"/>
</kw>
<kw name="Clear Element Text" owner="SeleniumLibrary">
<arg>name=firstname</arg>
<doc>Clears the value of the text-input-element identified by ``locator``.</doc>
<status status="PASS" start="2025-09-15T21:42:11.669699" elapsed="0.025800"/>
</kw>
<kw name="Input Text" owner="SeleniumLibrary">
<msg time="2025-09-15T21:42:11.696499" level="INFO">Typing text 'Sodsai' into text field 'name=lastname'.</msg>
<arg>name=lastname</arg>
<arg>${LAST_NAME}</arg>
<doc>Types the given ``text`` into the text field identified by ``locator``.</doc>
<status status="PASS" start="2025-09-15T21:42:11.695499" elapsed="0.053613"/>
</kw>
<kw name="Input Text" owner="SeleniumLibrary">
<msg time="2025-09-15T21:42:11.749112" level="INFO">Typing text 'CS KKU' into text field 'name=organization'.</msg>
<arg>name=organization</arg>
<arg>${ORGANIZATION}</arg>
<doc>Types the given ``text`` into the text field identified by ``locator``.</doc>
<status status="PASS" start="2025-09-15T21:42:11.749112" elapsed="0.060124"/>
</kw>
<kw name="Input Text" owner="SeleniumLibrary">
<msg time="2025-09-15T21:42:11.809236" level="INFO">Typing text 'somsri@kkumail.com' into text field 'name=email'.</msg>
<arg>name=email</arg>
<arg>${EMAIL}</arg>
<doc>Types the given ``text`` into the text field identified by ``locator``.</doc>
<status status="PASS" start="2025-09-15T21:42:11.809236" elapsed="0.052873"/>
</kw>
<kw name="Input Text" owner="SeleniumLibrary">
<msg time="2025-09-15T21:42:11.863624" level="INFO">Typing text '081-001-1234' into text field 'name=phone'.</msg>
<arg>name=phone</arg>
<arg>${PHONE}</arg>
<doc>Types the given ``text`` into the text field identified by ``locator``.</doc>
<status status="PASS" start="2025-09-15T21:42:11.863624" elapsed="0.046982"/>
</kw>
<kw name="Click Button" owner="SeleniumLibrary">
<msg time="2025-09-15T21:42:11.910606" level="INFO">Clicking button 'Register'.</msg>
<arg>Register</arg>
<doc>Clicks the button identified by ``locator``.</doc>
<status status="PASS" start="2025-09-15T21:42:11.910606" elapsed="0.041547"/>
</kw>
<kw name="Generate Test Report">
<kw name="Get Time" owner="BuiltIn">
<msg time="2025-09-15T21:42:11.953657" level="INFO">${current_time} = 2025-09-15 21:42:11</msg>
<var>${current_time}</var>
<doc>Returns the given time in the requested format.</doc>
<status status="PASS" start="2025-09-15T21:42:11.952153" elapsed="0.001504"/>
</kw>
<kw name="Log" owner="BuiltIn">
<msg time="2025-09-15T21:42:11.953657" level="INFO">========== TEST CASE REPORT ==========</msg>
<arg>========== TEST CASE REPORT ==========</arg>
<doc>Logs the given message with the given level.</doc>
<status status="PASS" start="2025-09-15T21:42:11.953657" elapsed="0.000000"/>
</kw>
<kw name="Log" owner="BuiltIn">
<msg time="2025-09-15T21:42:11.953657" level="INFO">Test Case: Empty First Name</msg>
<arg>Test Case: ${test_case_name}</arg>
<doc>Logs the given message with the given level.</doc>
<status status="PASS" start="2025-09-15T21:42:11.953657" elapsed="0.000000"/>
</kw>
<kw name="Log" owner="BuiltIn">
<msg time="2025-09-15T21:42:11.954661" level="INFO">URL: http://localhost:7272/Registration.html</msg>
<arg>URL: ${URL}</arg>
<doc>Logs the given message with the given level.</doc>
<status status="PASS" start="2025-09-15T21:42:11.954661" elapsed="0.000000"/>
</kw>
<kw name="Log" owner="BuiltIn">
<msg time="2025-09-15T21:42:11.954661" level="INFO">Browser: Chrome</msg>
<arg>Browser: ${BROWSER}</arg>
<doc>Logs the given message with the given level.</doc>
<status status="PASS" start="2025-09-15T21:42:11.954661" elapsed="0.000000"/>
</kw>
<kw name="Log" owner="BuiltIn">
<msg time="2025-09-15T21:42:11.954661" level="INFO">Timestamp: 2025-09-15 21:42:11</msg>
<arg>Timestamp: ${current_time}</arg>
<doc>Logs the given message with the given level.</doc>
<status status="PASS" start="2025-09-15T21:42:11.954661" elapsed="0.000000"/>
</kw>
<kw name="Log" owner="BuiltIn">
<msg time="2025-09-15T21:42:11.954661" level="INFO"> </msg>
<arg>${SPACE}</arg>
<doc>Logs the given message with the given level.</doc>
<status status="PASS" start="2025-09-15T21:42:11.954661" elapsed="0.000000"/>
</kw>
<kw name="Log" owner="BuiltIn">
<msg time="2025-09-15T21:42:11.954661" level="INFO">=== Form Data ===</msg>
<arg>=== Form Data ===</arg>
<doc>Logs the given message with the given level.</doc>
<status status="PASS" start="2025-09-15T21:42:11.954661" elapsed="0.000000"/>
</kw>
<kw name="Log" owner="BuiltIn">
<msg time="2025-09-15T21:42:11.954661" level="INFO">First Name: [EMPTY]</msg>
<arg>First Name: ${firstname}</arg>
<doc>Logs the given message with the given level.</doc>
<status status="PASS" start="2025-09-15T21:42:11.954661" elapsed="0.000000"/>
</kw>
<kw name="Log" owner="BuiltIn">
<msg time="2025-09-15T21:42:11.955660" level="INFO">Last Name: Sodsai</msg>
<arg>Last Name: ${lastname}</arg>
<doc>Logs the given message with the given level.</doc>
<status status="PASS" start="2025-09-15T21:42:11.955660" elapsed="0.000000"/>
</kw>
<kw name="Log" owner="BuiltIn">
<msg time="2025-09-15T21:42:11.955660" level="INFO">Organization: CS KKU</msg>
<arg>Organization: ${organization}</arg>
<doc>Logs the given message with the given level.</doc>
<status status="PASS" start="2025-09-15T21:42:11.955660" elapsed="0.000000"/>
</kw>
<kw name="Log" owner="BuiltIn">
<msg time="2025-09-15T21:42:11.955660" level="INFO">Email: somsri@kkumail.com</msg>
<arg>Email: ${email}</arg>
<doc>Logs the given message with the given level.</doc>
<status status="PASS" start="2025-09-15T21:42:11.955660" elapsed="0.000000"/>
</kw>
<kw name="Log" owner="BuiltIn">
<msg time="2025-09-15T21:42:11.955660" level="INFO">Phone: 081-001-1234</msg>
<arg>Phone: ${phone}</arg>
<doc>Logs the given message with the given level.</doc>
<status status="PASS" start="2025-09-15T21:42:11.955660" elapsed="0.000000"/>
</kw>
<kw name="Log" owner="BuiltIn">
<msg time="2025-09-15T21:42:11.955660" level="INFO"> </msg>
<arg>${SPACE}</arg>
<doc>Logs the given message with the given level.</doc>
<status status="PASS" start="2025-09-15T21:42:11.955660" elapsed="0.000000"/>
</kw>
<kw name="Log" owner="BuiltIn">
<msg time="2025-09-15T21:42:11.955660" level="INFO">=== Action ===</msg>
<arg>=== Action ===</arg>
<doc>Logs the given message with the given level.</doc>
<status status="PASS" start="2025-09-15T21:42:11.955660" elapsed="0.000000"/>
</kw>
<kw name="Log" owner="BuiltIn">
<msg time="2025-09-15T21:42:11.955660" level="INFO">Action: Clicked Register Button</msg>
<arg>Action: Clicked Register Button</arg>
<doc>Logs the given message with the given level.</doc>
<status status="PASS" start="2025-09-15T21:42:11.955660" elapsed="0.000000"/>
</kw>
<kw name="Log" owner="BuiltIn">
<msg time="2025-09-15T21:42:11.955660" level="INFO">Status: Form Submitted</msg>
<arg>Status: Form Submitted</arg>
<doc>Logs the given message with the given level.</doc>
<status status="PASS" start="2025-09-15T21:42:11.955660" elapsed="0.000000"/>
</kw>
<kw name="Log" owner="BuiltIn">
<msg time="2025-09-15T21:42:11.955660" level="INFO">=====================================</msg>
<arg>=====================================</arg>
<doc>Logs the given message with the given level.</doc>
<status status="PASS" start="2025-09-15T21:42:11.955660" elapsed="0.000000"/>
</kw>
<arg>Empty First Name</arg>
<arg>${EMPTY_VALUE}</arg>
<arg>${LAST_NAME}</arg>
<arg>${ORGANIZATION}</arg>
<arg>${EMAIL}</arg>
<arg>${PHONE}</arg>
<doc>สร้างรายงานสำหรับแต่ละ Test Case</doc>
<status status="PASS" start="2025-09-15T21:42:11.952153" elapsed="0.003507"/>
</kw>
<kw name="Close Browser" owner="SeleniumLibrary">
<doc>Closes the current browser.</doc>
<status status="PASS" start="2025-09-15T21:42:11.955660" elapsed="2.086440"/>
</kw>
<status status="PASS" start="2025-09-15T21:42:10.232122" elapsed="3.809978"/>
</kw>
<kw name="Test Empty Last Name">
<kw name="Log" owner="BuiltIn">
<msg time="2025-09-15T21:42:14.043094" level="INFO">=== Test Case 2: Empty Last Name ===</msg>
<arg>=== Test Case 2: Empty Last Name ===</arg>
<doc>Logs the given message with the given level.</doc>
<status status="PASS" start="2025-09-15T21:42:14.043094" elapsed="0.000000"/>
</kw>
<kw name="Open Registration Page">
<kw name="Open Browser" owner="SeleniumLibrary">
<msg time="2025-09-15T21:42:14.044098" level="INFO">Opening browser 'Chrome' to base url 'http://localhost:7272/Registration.html'.</msg>
<arg>${URL}</arg>
<arg>${BROWSER}</arg>
<doc>Opens a new browser instance to the optional ``url``.</doc>
<status status="PASS" start="2025-09-15T21:42:14.043094" elapsed="1.407482"/>
</kw>
<kw name="Maximize Browser Window" owner="SeleniumLibrary">
<doc>Maximizes current browser window.</doc>
<status status="PASS" start="2025-09-15T21:42:15.450576" elapsed="0.024097"/>
</kw>
<kw name="Wait Until Page Contains" owner="SeleniumLibrary">
<arg>Event Registration</arg>
<arg>timeout=10s</arg>
<doc>Waits until ``text`` appears on the current page.</doc>
<status status="PASS" start="2025-09-15T21:42:15.474673" elapsed="0.012270"/>
</kw>
<status status="PASS" start="2025-09-15T21:42:14.043094" elapsed="1.443849"/>
</kw>
<kw name="Input Text" owner="SeleniumLibrary">
<msg time="2025-09-15T21:42:15.486943" level="INFO">Typing text 'Somsri' into text field 'name=firstname'.</msg>
<arg>name=firstname</arg>
<arg>${FIRST_NAME}</arg>
<doc>Types the given ``text`` into the text field identified by ``locator``.</doc>
<status status="PASS" start="2025-09-15T21:42:15.486943" elapsed="0.058063"/>
</kw>
<kw name="Clear Element Text" owner="SeleniumLibrary">
<arg>name=lastname</arg>
<doc>Clears the value of the text-input-element identified by ``locator``.</doc>
<status status="PASS" start="2025-09-15T21:42:15.545006" elapsed="0.017878"/>
</kw>
<kw name="Input Text" owner="SeleniumLibrary">
<msg time="2025-09-15T21:42:15.563869" level="INFO">Typing text 'CS KKU' into text field 'name=organization'.</msg>
<arg>name=organization</arg>
<arg>${ORGANIZATION}</arg>
<doc>Types the given ``text`` into the text field identified by ``locator``.</doc>
<status status="PASS" start="2025-09-15T21:42:15.563869" elapsed="0.041811"/>
</kw>
<kw name="Input Text" owner="SeleniumLibrary">
<msg time="2025-09-15T21:42:15.605680" level="INFO">Typing text 'somsri@kkumail.com' into text field 'name=email'.</msg>
<arg>name=email</arg>
<arg>${EMAIL}</arg>
<doc>Types the given ``text`` into the text field identified by ``locator``.</doc>
<status status="PASS" start="2025-09-15T21:42:15.605680" elapsed="0.062140"/>
</kw>
<kw name="Input Text" owner="SeleniumLibrary">
<msg time="2025-09-15T21:42:15.667820" level="INFO">Typing text '081-001-1234' into text field 'name=phone'.</msg>
<arg>name=phone</arg>
<arg>${PHONE}</arg>
<doc>Types the given ``text`` into the text field identified by ``locator``.</doc>
<status status="PASS" start="2025-09-15T21:42:15.667820" elapsed="0.045892"/>
</kw>
<kw name="Click Button" owner="SeleniumLibrary">
<msg time="2025-09-15T21:42:15.714810" level="INFO">Clicking button 'Register'.</msg>
<arg>Register</arg>
<doc>Clicks the button identified by ``locator``.</doc>
<status status="PASS" start="2025-09-15T21:42:15.714810" elapsed="0.050163"/>
</kw>
<kw name="Generate Test Report">
<kw name="Get Time" owner="BuiltIn">
<msg time="2025-09-15T21:42:15.764973" level="INFO">${current_time} = 2025-09-15 21:42:15</msg>
<var>${current_time}</var>
<doc>Returns the given time in the requested format.</doc>
<status status="PASS" start="2025-09-15T21:42:15.764973" elapsed="0.000000"/>
</kw>
<kw name="Log" owner="BuiltIn">
<msg time="2025-09-15T21:42:15.765977" level="INFO">========== TEST CASE REPORT ==========</msg>
<arg>========== TEST CASE REPORT ==========</arg>
<doc>Logs the given message with the given level.</doc>
<status status="PASS" start="2025-09-15T21:42:15.765977" elapsed="0.000000"/>
</kw>
<kw name="Log" owner="BuiltIn">
<msg time="2025-09-15T21:42:15.765977" level="INFO">Test Case: Empty Last Name</msg>
<arg>Test Case: ${test_case_name}</arg>
<doc>Logs the given message with the given level.</doc>
<status status="PASS" start="2025-09-15T21:42:15.765977" elapsed="0.000000"/>
</kw>
<kw name="Log" owner="BuiltIn">
<msg time="2025-09-15T21:42:15.765977" level="INFO">URL: http://localhost:7272/Registration.html</msg>
<arg>URL: ${URL}</arg>
<doc>Logs the given message with the given level.</doc>
<status status="PASS" start="2025-09-15T21:42:15.765977" elapsed="0.000000"/>
</kw>
<kw name="Log" owner="BuiltIn">
<msg time="2025-09-15T21:42:15.765977" level="INFO">Browser: Chrome</msg>
<arg>Browser: ${BROWSER}</arg>
<doc>Logs the given message with the given level.</doc>
<status status="PASS" start="2025-09-15T21:42:15.765977" elapsed="0.000000"/>
</kw>
<kw name="Log" owner="BuiltIn">
<msg time="2025-09-15T21:42:15.765977" level="INFO">Timestamp: 2025-09-15 21:42:15</msg>
<arg>Timestamp: ${current_time}</arg>
<doc>Logs the given message with the given level.</doc>
<status status="PASS" start="2025-09-15T21:42:15.765977" elapsed="0.000000"/>
</kw>
<kw name="Log" owner="BuiltIn">
<msg time="2025-09-15T21:42:15.765977" level="INFO"> </msg>
<arg>${SPACE}</arg>
<doc>Logs the given message with the given level.</doc>
<status status="PASS" start="2025-09-15T21:42:15.765977" elapsed="0.000000"/>
</kw>
<kw name="Log" owner="BuiltIn">
<msg time="2025-09-15T21:42:15.766991" level="INFO">=== Form Data ===</msg>
<arg>=== Form Data ===</arg>
<doc>Logs the given message with the given level.</doc>
<status status="PASS" start="2025-09-15T21:42:15.765977" elapsed="0.001014"/>
</kw>
<kw name="Log" owner="BuiltIn">
<msg time="2025-09-15T21:42:15.766991" level="INFO">First Name: Somsri</msg>
<arg>First Name: ${firstname}</arg>
<doc>Logs the given message with the given level.</doc>
<status status="PASS" start="2025-09-15T21:42:15.766991" elapsed="0.000000"/>
</kw>
<kw name="Log" owner="BuiltIn">
<msg time="2025-09-15T21:42:15.766991" level="INFO">Last Name: [EMPTY]</msg>
<arg>Last Name: ${lastname}</arg>
<doc>Logs the given message with the given level.</doc>
<status status="PASS" start="2025-09-15T21:42:15.766991" elapsed="0.000000"/>
</kw>
<kw name="Log" owner="BuiltIn">
<msg time="2025-09-15T21:42:15.766991" level="INFO">Organization: CS KKU</msg>
<arg>Organization: ${organization}</arg>
<doc>Logs the given message with the given level.</doc>
<status status="PASS" start="2025-09-15T21:42:15.766991" elapsed="0.000000"/>
</kw>
<kw name="Log" owner="BuiltIn">
<msg time="2025-09-15T21:42:15.766991" level="INFO">Email: somsri@kkumail.com</msg>
<arg>Email: ${email}</arg>
<doc>Logs the given message with the given level.</doc>
<status status="PASS" start="2025-09-15T21:42:15.766991" elapsed="0.000000"/>
</kw>
<kw name="Log" owner="BuiltIn">
<msg time="2025-09-15T21:42:15.766991" level="INFO">Phone: 081-001-1234</msg>
<arg>Phone: ${phone}</arg>
<doc>Logs the given message with the given level.</doc>
<status status="PASS" start="2025-09-15T21:42:15.766991" elapsed="0.000000"/>
</kw>
<kw name="Log" owner="BuiltIn">
<msg time="2025-09-15T21:42:15.768028" level="INFO"> </msg>
<arg>${SPACE}</arg>
<doc>Logs the given message with the given level.</doc>
<status status="PASS" start="2025-09-15T21:42:15.768028" elapsed="0.000000"/>
</kw>
<kw name="Log" owner="BuiltIn">
<msg time="2025-09-15T21:42:15.768028" level="INFO">=== Action ===</msg>
<arg>=== Action ===</arg>
<doc>Logs the given message with the given level.</doc>
<status status="PASS" start="2025-09-15T21:42:15.768028" elapsed="0.000000"/>
</kw>
<kw name="Log" owner="BuiltIn">
<msg time="2025-09-15T21:42:15.768028" level="INFO">Action: Clicked Register Button</msg>
<arg>Action: Clicked Register Button</arg>
<doc>Logs the given message with the given level.</doc>
<status status="PASS" start="2025-09-15T21:42:15.768028" elapsed="0.000000"/>
</kw>
<kw name="Log" owner="BuiltIn">
<msg time="2025-09-15T21:42:15.768028" level="INFO">Status: Form Submitted</msg>
<arg>Status: Form Submitted</arg>
<doc>Logs the given message with the given level.</doc>
<status status="PASS" start="2025-09-15T21:42:15.768028" elapsed="0.000000"/>
</kw>
<kw name="Log" owner="BuiltIn">
<msg time="2025-09-15T21:42:15.768028" level="INFO">=====================================</msg>
<arg>=====================================</arg>
<doc>Logs the given message with the given level.</doc>
<status status="PASS" start="2025-09-15T21:42:15.768028" elapsed="0.000000"/>
</kw>
<arg>Empty Last Name</arg>
<arg>${FIRST_NAME}</arg>
<arg>${EMPTY_VALUE}</arg>
<arg>${ORGANIZATION}</arg>
<arg>${EMAIL}</arg>
<arg>${PHONE}</arg>
<doc>สร้างรายงานสำหรับแต่ละ Test Case</doc>
<status status="PASS" start="2025-09-15T21:42:15.764973" elapsed="0.003055"/>
</kw>
<kw name="Close Browser" owner="SeleniumLibrary">
<doc>Closes the current browser.</doc>
<status status="PASS" start="2025-09-15T21:42:15.768028" elapsed="2.093698"/>
</kw>
<status status="PASS" start="2025-09-15T21:42:14.042100" elapsed="3.819626"/>
</kw>
<kw name="Test Empty First Name and Last Name">
<kw name="Log" owner="BuiltIn">
<msg time="2025-09-15T21:42:17.866832" level="INFO">=== Test Case 3: Empty First Name and Last Name ===</msg>
<arg>=== Test Case 3: Empty First Name and Last Name ===</arg>
<doc>Logs the given message with the given level.</doc>
<status status="PASS" start="2025-09-15T21:42:17.866832" elapsed="0.000000"/>
</kw>
<kw name="Open Registration Page">
<kw name="Open Browser" owner="SeleniumLibrary">
<msg time="2025-09-15T21:42:17.866832" level="INFO">Opening browser 'Chrome' to base url 'http://localhost:7272/Registration.html'.</msg>
<arg>${URL}</arg>
<arg>${BROWSER}</arg>
<doc>Opens a new browser instance to the optional ``url``.</doc>
<status status="PASS" start="2025-09-15T21:42:17.866832" elapsed="1.345594"/>
</kw>
<kw name="Maximize Browser Window" owner="SeleniumLibrary">
<doc>Maximizes current browser window.</doc>
<status status="PASS" start="2025-09-15T21:42:19.212426" elapsed="0.039045"/>
</kw>
<kw name="Wait Until Page Contains" owner="SeleniumLibrary">
<arg>Event Registration</arg>
<arg>timeout=10s</arg>
<doc>Waits until ``text`` appears on the current page.</doc>
<status status="PASS" start="2025-09-15T21:42:19.251471" elapsed="0.009179"/>
</kw>
<status status="PASS" start="2025-09-15T21:42:17.866832" elapsed="1.393818"/>
</kw>
<kw name="Clear Element Text" owner="SeleniumLibrary">
<arg>name=firstname</arg>
<doc>Clears the value of the text-input-element identified by ``locator``.</doc>
<status status="PASS" start="2025-09-15T21:42:19.260650" elapsed="0.026640"/>
</kw>
<kw name="Clear Element Text" owner="SeleniumLibrary">
<arg>name=lastname</arg>
<doc>Clears the value of the text-input-element identified by ``locator``.</doc>
<status status="PASS" start="2025-09-15T21:42:19.287290" elapsed="0.016951"/>
</kw>
<kw name="Input Text" owner="SeleniumLibrary">
<msg time="2025-09-15T21:42:19.304241" level="INFO">Typing text 'CS KKU' into text field 'name=organization'.</msg>
<arg>name=organization</arg>
<arg>${ORGANIZATION}</arg>
<doc>Types the given ``text`` into the text field identified by ``locator``.</doc>
<status status="PASS" start="2025-09-15T21:42:19.304241" elapsed="0.047722"/>
</kw>
<kw name="Input Text" owner="SeleniumLibrary">
<msg time="2025-09-15T21:42:19.351963" level="INFO">Typing text 'somsri@kkumail.com' into text field 'name=email'.</msg>
<arg>name=email</arg>
<arg>${EMAIL}</arg>
<doc>Types the given ``text`` into the text field identified by ``locator``.</doc>
<status status="PASS" start="2025-09-15T21:42:19.351963" elapsed="0.065629"/>
</kw>
<kw name="Input Text" owner="SeleniumLibrary">
<msg time="2025-09-15T21:42:19.417592" level="INFO">Typing text '081-001-1234' into text field 'name=phone'.</msg>
<arg>name=phone</arg>
<arg>${PHONE}</arg>
<doc>Types the given ``text`` into the text field identified by ``locator``.</doc>
<status status="PASS" start="2025-09-15T21:42:19.417592" elapsed="0.047285"/>
</kw>
<kw name="Click Button" owner="SeleniumLibrary">
<msg time="2025-09-15T21:42:19.464877" level="INFO">Clicking button 'Register'.</msg>
<arg>Register</arg>
<doc>Clicks the button identified by ``locator``.</doc>
<status status="PASS" start="2025-09-15T21:42:19.464877" elapsed="0.045855"/>
</kw>
<kw name="Generate Test Report">
<kw name="Get Time" owner="BuiltIn">
<msg time="2025-09-15T21:42:19.511737" level="INFO">${current_time} = 2025-09-15 21:42:19</msg>
<var>${current_time}</var>
<doc>Returns the given time in the requested format.</doc>
<status status="PASS" start="2025-09-15T21:42:19.511737" elapsed="0.000000"/>
</kw>
<kw name="Log" owner="BuiltIn">
<msg time="2025-09-15T21:42:19.511737" level="INFO">========== TEST CASE REPORT ==========</msg>
<arg>========== TEST CASE REPORT ==========</arg>
<doc>Logs the given message with the given level.</doc>
<status status="PASS" start="2025-09-15T21:42:19.511737" elapsed="0.000000"/>
</kw>
<kw name="Log" owner="BuiltIn">
<msg time="2025-09-15T21:42:19.511737" level="INFO">Test Case: Empty First Name and Last Name</msg>
<arg>Test Case: ${test_case_name}</arg>
<doc>Logs the given message with the given level.</doc>
<status status="PASS" start="2025-09-15T21:42:19.511737" elapsed="0.000000"/>
</kw>
<kw name="Log" owner="BuiltIn">
<msg time="2025-09-15T21:42:19.511737" level="INFO">URL: http://localhost:7272/Registration.html</msg>
<arg>URL: ${URL}</arg>
<doc>Logs the given message with the given level.</doc>
<status status="PASS" start="2025-09-15T21:42:19.511737" elapsed="0.000000"/>
</kw>
<kw name="Log" owner="BuiltIn">
<msg time="2025-09-15T21:42:19.511737" level="INFO">Browser: Chrome</msg>
<arg>Browser: ${BROWSER}</arg>
<doc>Logs the given message with the given level.</doc>
<status status="PASS" start="2025-09-15T21:42:19.511737" elapsed="0.000000"/>
</kw>
<kw name="Log" owner="BuiltIn">
<msg time="2025-09-15T21:42:19.511737" level="INFO">Timestamp: 2025-09-15 21:42:19</msg>
<arg>Timestamp: ${current_time}</arg>
<doc>Logs the given message with the given level.</doc>
<status status="PASS" start="2025-09-15T21:42:19.511737" elapsed="0.000000"/>
</kw>
<kw name="Log" owner="BuiltIn">
<msg time="2025-09-15T21:42:19.511737" level="INFO"> </msg>
<arg>${SPACE}</arg>
<doc>Logs the given message with the given level.</doc>
<status status="PASS" start="2025-09-15T21:42:19.511737" elapsed="0.000000"/>
</kw>
<kw name="Log" owner="BuiltIn">
<msg time="2025-09-15T21:42:19.513237" level="INFO">=== Form Data ===</msg>
<arg>=== Form Data ===</arg>
<doc>Logs the given message with the given level.</doc>
<status status="PASS" start="2025-09-15T21:42:19.511737" elapsed="0.001500"/>
</kw>
<kw name="Log" owner="BuiltIn">
<msg time="2025-09-15T21:42:19.513237" level="INFO">First Name: [EMPTY]</msg>
<arg>First Name: ${firstname}</arg>
<doc>Logs the given message with the given level.</doc>
<status status="PASS" start="2025-09-15T21:42:19.513237" elapsed="0.000000"/>
</kw>
<kw name="Log" owner="BuiltIn">
<msg time="2025-09-15T21:42:19.513237" level="INFO">Last Name: [EMPTY]</msg>
<arg>Last Name: ${lastname}</arg>
<doc>Logs the given message with the given level.</doc>
<status status="PASS" start="2025-09-15T21:42:19.513237" elapsed="0.000000"/>
</kw>
<kw name="Log" owner="BuiltIn">
<msg time="2025-09-15T21:42:19.513743" level="INFO">Organization: CS KKU</msg>
<arg>Organization: ${organization}</arg>
<doc>Logs the given message with the given level.</doc>
<status status="PASS" start="2025-09-15T21:42:19.513743" elapsed="0.000000"/>
</kw>
<kw name="Log" owner="BuiltIn">
<msg time="2025-09-15T21:42:19.513743" level="INFO">Email: somsri@kkumail.com</msg>
<arg>Email: ${email}</arg>
<doc>Logs the given message with the given level.</doc>
<status status="PASS" start="2025-09-15T21:42:19.513743" elapsed="0.000000"/>
</kw>
<kw name="Log" owner="BuiltIn">
<msg time="2025-09-15T21:42:19.513743" level="INFO">Phone: 081-001-1234</msg>
<arg>Phone: ${phone}</arg>
<doc>Logs the given message with the given level.</doc>
<status status="PASS" start="2025-09-15T21:42:19.513743" elapsed="0.000000"/>
</kw>
<kw name="Log" owner="BuiltIn">
<msg time="2025-09-15T21:42:19.513743" level="INFO"> </msg>
<arg>${SPACE}</arg>
<doc>Logs the given message with the given level.</doc>
<status status="PASS" start="2025-09-15T21:42:19.513743" elapsed="0.000000"/>
</kw>
<kw name="Log" owner="BuiltIn">
<msg time="2025-09-15T21:42:19.513743" level="INFO">=== Action ===</msg>
<arg>=== Action ===</arg>
<doc>Logs the given message with the given level.</doc>
<status status="PASS" start="2025-09-15T21:42:19.513743" elapsed="0.000000"/>
</kw>
<kw name="Log" owner="BuiltIn">
<msg time="2025-09-15T21:42:19.513743" level="INFO">Action: Clicked Register Button</msg>
<arg>Action: Clicked Register Button</arg>
<doc>Logs the given message with the given level.</doc>
<status status="PASS" start="2025-09-15T21:42:19.513743" elapsed="0.000000"/>
</kw>
<kw name="Log" owner="BuiltIn">
<msg time="2025-09-15T21:42:19.513743" level="INFO">Status: Form Submitted</msg>
<arg>Status: Form Submitted</arg>
<doc>Logs the given message with the given level.</doc>
<status status="PASS" start="2025-09-15T21:42:19.513743" elapsed="0.000000"/>
</kw>
<kw name="Log" owner="BuiltIn">
<msg time="2025-09-15T21:42:19.514748" level="INFO">=====================================</msg>
<arg>=====================================</arg>
<doc>Logs the given message with the given level.</doc>
<status status="PASS" start="2025-09-15T21:42:19.514748" elapsed="0.000000"/>
</kw>
<arg>Empty First Name and Last Name</arg>
<arg>${EMPTY_VALUE}</arg>
<arg>${EMPTY_VALUE}</arg>
<arg>${ORGANIZATION}</arg>
<arg>${EMAIL}</arg>
<arg>${PHONE}</arg>
<doc>สร้างรายงานสำหรับแต่ละ Test Case</doc>
<status status="PASS" start="2025-09-15T21:42:19.510732" elapsed="0.004016"/>
</kw>
<kw name="Close Browser" owner="SeleniumLibrary">
<doc>Closes the current browser.</doc>
<status status="PASS" start="2025-09-15T21:42:19.514748" elapsed="2.084519"/>
</kw>
<status status="PASS" start="2025-09-15T21:42:17.863808" elapsed="3.735459"/>
</kw>
<kw name="Test Empty Email">
<kw name="Log" owner="BuiltIn">
<msg time="2025-09-15T21:42:21.600268" level="INFO">=== Test Case 4: Empty Email ===</msg>
<arg>=== Test Case 4: Empty Email ===</arg>
<doc>Logs the given message with the given level.</doc>
<status status="PASS" start="2025-09-15T21:42:21.599267" elapsed="0.001001"/>
</kw>
<kw name="Open Registration Page">
<kw name="Open Browser" owner="SeleniumLibrary">
<msg time="2025-09-15T21:42:21.600268" level="INFO">Opening browser 'Chrome' to base url 'http://localhost:7272/Registration.html'.</msg>
<arg>${URL}</arg>
<arg>${BROWSER}</arg>
<doc>Opens a new browser instance to the optional ``url``.</doc>
<status status="PASS" start="2025-09-15T21:42:21.600268" elapsed="1.392396"/>
</kw>
<kw name="Maximize Browser Window" owner="SeleniumLibrary">
<doc>Maximizes current browser window.</doc>
<status status="PASS" start="2025-09-15T21:42:22.992664" elapsed="0.026712"/>
</kw>
<kw name="Wait Until Page Contains" owner="SeleniumLibrary">
<arg>Event Registration</arg>
<arg>timeout=10s</arg>
<doc>Waits until ``text`` appears on the current page.</doc>
<status status="PASS" start="2025-09-15T21:42:23.019376" elapsed="0.012080"/>
</kw>
<status status="PASS" start="2025-09-15T21:42:21.600268" elapsed="1.431188"/>
</kw>
<kw name="Input Text" owner="SeleniumLibrary">
<msg time="2025-09-15T21:42:23.031456" level="INFO">Typing text 'Somsri' into text field 'name=firstname'.</msg>
<arg>name=firstname</arg>
<arg>${FIRST_NAME}</arg>
<doc>Types the given ``text`` into the text field identified by ``locator``.</doc>
<status status="PASS" start="2025-09-15T21:42:23.031456" elapsed="0.056707"/>
</kw>
<kw name="Input Text" owner="SeleniumLibrary">
<msg time="2025-09-15T21:42:23.089158" level="INFO">Typing text 'Sodsai' into text field 'name=lastname'.</msg>
<arg>name=lastname</arg>
<arg>${LAST_NAME}</arg>
<doc>Types the given ``text`` into the text field identified by ``locator``.</doc>
<status status="PASS" start="2025-09-15T21:42:23.088163" elapsed="0.042194"/>
</kw>
<kw name="Input Text" owner="SeleniumLibrary">
<msg time="2025-09-15T21:42:23.130357" level="INFO">Typing text 'CS KKU' into text field 'name=organization'.</msg>
<arg>name=organization</arg>
<arg>${ORGANIZATION}</arg>
<doc>Types the given ``text`` into the text field identified by ``locator``.</doc>
<status status="PASS" start="2025-09-15T21:42:23.130357" elapsed="0.040991"/>
</kw>
<kw name="Clear Element Text" owner="SeleniumLibrary">
<arg>name=email</arg>
<doc>Clears the value of the text-input-element identified by ``locator``.</doc>
<status status="PASS" start="2025-09-15T21:42:23.172348" elapsed="0.016628"/>
</kw>
<kw name="Input Text" owner="SeleniumLibrary">
<msg time="2025-09-15T21:42:23.189976" level="INFO">Typing text '081-001-1234' into text field 'name=phone'.</msg>
<arg>name=phone</arg>
<arg>${PHONE}</arg>
<doc>Types the given ``text`` into the text field identified by ``locator``.</doc>
<status status="PASS" start="2025-09-15T21:42:23.188976" elapsed="0.045541"/>
</kw>
<kw name="Click Button" owner="SeleniumLibrary">
<msg time="2025-09-15T21:42:23.234517" level="INFO">Clicking button 'Register'.</msg>
<arg>Register</arg>
<doc>Clicks the button identified by ``locator``.</doc>
<status status="PASS" start="2025-09-15T21:42:23.234517" elapsed="0.042839"/>
</kw>
<kw name="Generate Test Report">
<kw name="Get Time" owner="BuiltIn">
<msg time="2025-09-15T21:42:23.278360" level="INFO">${current_time} = 2025-09-15 21:42:23</msg>
<var>${current_time}</var>
<doc>Returns the given time in the requested format.</doc>
<status status="PASS" start="2025-09-15T21:42:23.278360" elapsed="0.000000"/>
</kw>
<kw name="Log" owner="BuiltIn">
<msg time="2025-09-15T21:42:23.278360" level="INFO">========== TEST CASE REPORT ==========</msg>
<arg>========== TEST CASE REPORT ==========</arg>
<doc>Logs the given message with the given level.</doc>
<status status="PASS" start="2025-09-15T21:42:23.278360" elapsed="0.000000"/>
</kw>
<kw name="Log" owner="BuiltIn">
<msg time="2025-09-15T21:42:23.278360" level="INFO">Test Case: Empty Email</msg>
<arg>Test Case: ${test_case_name}</arg>
<doc>Logs the given message with the given level.</doc>
<status status="PASS" start="2025-09-15T21:42:23.278360" elapsed="0.000000"/>
</kw>
<kw name="Log" owner="BuiltIn">
<msg time="2025-09-15T21:42:23.278360" level="INFO">URL: http://localhost:7272/Registration.html</msg>
<arg>URL: ${URL}</arg>
<doc>Logs the given message with the given level.</doc>
<status status="PASS" start="2025-09-15T21:42:23.278360" elapsed="0.000000"/>
</kw>
<kw name="Log" owner="BuiltIn">
<msg time="2025-09-15T21:42:23.278360" level="INFO">Browser: Chrome</msg>
<arg>Browser: ${BROWSER}</arg>
<doc>Logs the given message with the given level.</doc>
<status status="PASS" start="2025-09-15T21:42:23.278360" elapsed="0.001004"/>
</kw>
<kw name="Log" owner="BuiltIn">
<msg time="2025-09-15T21:42:23.279364" level="INFO">Timestamp: 2025-09-15 21:42:23</msg>
<arg>Timestamp: ${current_time}</arg>
<doc>Logs the given message with the given level.</doc>
<status status="PASS" start="2025-09-15T21:42:23.279364" elapsed="0.000000"/>
</kw>
<kw name="Log" owner="BuiltIn">
<msg time="2025-09-15T21:42:23.279364" level="INFO"> </msg>
<arg>${SPACE}</arg>
<doc>Logs the given message with the given level.</doc>
<status status="PASS" start="2025-09-15T21:42:23.279364" elapsed="0.000000"/>
</kw>
<kw name="Log" owner="BuiltIn">
<msg time="2025-09-15T21:42:23.279364" level="INFO">=== Form Data ===</msg>
<arg>=== Form Data ===</arg>
<doc>Logs the given message with the given level.</doc>
<status status="PASS" start="2025-09-15T21:42:23.279364" elapsed="0.000000"/>
</kw>
<kw name="Log" owner="BuiltIn">
<msg time="2025-09-15T21:42:23.279867" level="INFO">First Name: Somsri</msg>
<arg>First Name: ${firstname}</arg>
<doc>Logs the given message with the given level.</doc>
<status status="PASS" start="2025-09-15T21:42:23.279364" elapsed="0.000503"/>
</kw>
<kw name="Log" owner="BuiltIn">
<msg time="2025-09-15T21:42:23.279867" level="INFO">Last Name: Sodsai</msg>
<arg>Last Name: ${lastname}</arg>
<doc>Logs the given message with the given level.</doc>
<status status="PASS" start="2025-09-15T21:42:23.279867" elapsed="0.000000"/>
</kw>
<kw name="Log" owner="BuiltIn">
<msg time="2025-09-15T21:42:23.279867" level="INFO">Organization: CS KKU</msg>
<arg>Organization: ${organization}</arg>
<doc>Logs the given message with the given level.</doc>
<status status="PASS" start="2025-09-15T21:42:23.279867" elapsed="0.000000"/>
</kw>
<kw name="Log" owner="BuiltIn">
<msg time="2025-09-15T21:42:23.279867" level="INFO">Email: [EMPTY]</msg>
<arg>Email: ${email}</arg>
<doc>Logs the given message with the given level.</doc>
<status status="PASS" start="2025-09-15T21:42:23.279867" elapsed="0.000000"/>
</kw>
<kw name="Log" owner="BuiltIn">
<msg time="2025-09-15T21:42:23.280369" level="INFO">Phone: 081-001-1234</msg>
<arg>Phone: ${phone}</arg>
<doc>Logs the given message with the given level.</doc>
<status status="PASS" start="2025-09-15T21:42:23.279867" elapsed="0.000502"/>
</kw>
<kw name="Log" owner="BuiltIn">
<msg time="2025-09-15T21:42:23.280369" level="INFO"> </msg>
<arg>${SPACE}</arg>
<doc>Logs the given message with the given level.</doc>
<status status="PASS" start="2025-09-15T21:42:23.280369" elapsed="0.000000"/>
</kw>
<kw name="Log" owner="BuiltIn">
<msg time="2025-09-15T21:42:23.280369" level="INFO">=== Action ===</msg>
<arg>=== Action ===</arg>
<doc>Logs the given message with the given level.</doc>
<status status="PASS" start="2025-09-15T21:42:23.280369" elapsed="0.000000"/>
</kw>
<kw name="Log" owner="BuiltIn">
<msg time="2025-09-15T21:42:23.280369" level="INFO">Action: Clicked Register Button</msg>
<arg>Action: Clicked Register Button</arg>
<doc>Logs the given message with the given level.</doc>
<status status="PASS" start="2025-09-15T21:42:23.280369" elapsed="0.000000"/>
</kw>
<kw name="Log" owner="BuiltIn">
<msg time="2025-09-15T21:42:23.280369" level="INFO">Status: Form Submitted</msg>
<arg>Status: Form Submitted</arg>
<doc>Logs the given message with the given level.</doc>
<status status="PASS" start="2025-09-15T21:42:23.280369" elapsed="0.000000"/>
</kw>
<kw name="Log" owner="BuiltIn">
<msg time="2025-09-15T21:42:23.280369" level="INFO">=====================================</msg>
<arg>=====================================</arg>
<doc>Logs the given message with the given level.</doc>
<status status="PASS" start="2025-09-15T21:42:23.280369" elapsed="0.000000"/>
</kw>
<arg>Empty Email</arg>
<arg>${FIRST_NAME}</arg>
<arg>${LAST_NAME}</arg>
<arg>${ORGANIZATION}</arg>
<arg>${EMPTY_VALUE}</arg>
<arg>${PHONE}</arg>
<doc>สร้างรายงานสำหรับแต่ละ Test Case</doc>
<status status="PASS" start="2025-09-15T21:42:23.277356" elapsed="0.003013"/>
</kw>
<kw name="Close Browser" owner="SeleniumLibrary">
<doc>Closes the current browser.</doc>
<status status="PASS" start="2025-09-15T21:42:23.280369" elapsed="2.078353"/>
</kw>
<status status="PASS" start="2025-09-15T21:42:21.599267" elapsed="3.760499"/>
</kw>
<kw name="Test Empty Phone Number">
<kw name="Log" owner="BuiltIn">
<msg time="2025-09-15T21:42:25.362792" level="INFO">=== Test Case 5: Empty Phone Number ===</msg>
<arg>=== Test Case 5: Empty Phone Number ===</arg>
<doc>Logs the given message with the given level.</doc>
<status status="PASS" start="2025-09-15T21:42:25.362792" elapsed="0.000000"/>
</kw>
<kw name="Open Registration Page">
<kw name="Open Browser" owner="SeleniumLibrary">
<msg time="2025-09-15T21:42:25.364293" level="INFO">Opening browser 'Chrome' to base url 'http://localhost:7272/Registration.html'.</msg>
<arg>${URL}</arg>
<arg>${BROWSER}</arg>
<doc>Opens a new browser instance to the optional ``url``.</doc>
<status status="PASS" start="2025-09-15T21:42:25.364293" elapsed="1.361424"/>
</kw>
<kw name="Maximize Browser Window" owner="SeleniumLibrary">
<doc>Maximizes current browser window.</doc>
<status status="PASS" start="2025-09-15T21:42:26.725717" elapsed="0.035234"/>
</kw>
<kw name="Wait Until Page Contains" owner="SeleniumLibrary">
<arg>Event Registration</arg>
<arg>timeout=10s</arg>
<doc>Waits until ``text`` appears on the current page.</doc>
<status status="PASS" start="2025-09-15T21:42:26.760951" elapsed="0.008515"/>
</kw>
<status status="PASS" start="2025-09-15T21:42:25.363786" elapsed="1.405680"/>
</kw>
<kw name="Input Text" owner="SeleniumLibrary">
<msg time="2025-09-15T21:42:26.769466" level="INFO">Typing text 'Somsri' into text field 'name=firstname'.</msg>
<arg>name=firstname</arg>
<arg>${FIRST_NAME}</arg>
<doc>Types the given ``text`` into the text field identified by ``locator``.</doc>
<status status="PASS" start="2025-09-15T21:42:26.769466" elapsed="0.058218"/>
</kw>
<kw name="Input Text" owner="SeleniumLibrary">
<msg time="2025-09-15T21:42:26.827684" level="INFO">Typing text 'Sodsai' into text field 'name=lastname'.</msg>
<arg>name=lastname</arg>
<arg>${LAST_NAME}</arg>
<doc>Types the given ``text`` into the text field identified by ``locator``.</doc>
<status status="PASS" start="2025-09-15T21:42:26.827684" elapsed="0.043058"/>
</kw>
<kw name="Input Text" owner="SeleniumLibrary">
<msg time="2025-09-15T21:42:26.870742" level="INFO">Typing text 'CS KKU' into text field 'name=organization'.</msg>
<arg>name=organization</arg>
<arg>${ORGANIZATION}</arg>
<doc>Types the given ``text`` into the text field identified by ``locator``.</doc>
<status status="PASS" start="2025-09-15T21:42:26.870742" elapsed="0.043598"/>
</kw>
<kw name="Input Text" owner="SeleniumLibrary">
<msg time="2025-09-15T21:42:26.915340" level="INFO">Typing text 'somsri@kkumail.com' into text field 'name=email'.</msg>
<arg>name=email</arg>
<arg>${EMAIL}</arg>
<doc>Types the given ``text`` into the text field identified by ``locator``.</doc>
<status status="PASS" start="2025-09-15T21:42:26.914340" elapsed="0.051301"/>
</kw>
<kw name="Clear Element Text" owner="SeleniumLibrary">
<arg>name=phone</arg>
<doc>Clears the value of the text-input-element identified by ``locator``.</doc>
<status status="PASS" start="2025-09-15T21:42:26.965641" elapsed="0.017116"/>
</kw>
<kw name="Click Button" owner="SeleniumLibrary">
<msg time="2025-09-15T21:42:26.982757" level="INFO">Clicking button 'Register'.</msg>
<arg>Register</arg>
<doc>Clicks the button identified by ``locator``.</doc>
<status status="PASS" start="2025-09-15T21:42:26.982757" elapsed="0.038973"/>
</kw>
<kw name="Generate Test Report">
<kw name="Get Time" owner="BuiltIn">
<msg time="2025-09-15T21:42:27.022735" level="INFO">${current_time} = 2025-09-15 21:42:27</msg>
<var>${current_time}</var>
<doc>Returns the given time in the requested format.</doc>
<status status="PASS" start="2025-09-15T21:42:27.022735" elapsed="0.000000"/>
</kw>
<kw name="Log" owner="BuiltIn">
<msg time="2025-09-15T21:42:27.022735" level="INFO">========== TEST CASE REPORT ==========</msg>
<arg>========== TEST CASE REPORT ==========</arg>
<doc>Logs the given message with the given level.</doc>
<status status="PASS" start="2025-09-15T21:42:27.022735" elapsed="0.000000"/>
</kw>
<kw name="Log" owner="BuiltIn">
<msg time="2025-09-15T21:42:27.022735" level="INFO">Test Case: Empty Phone Number</msg>
<arg>Test Case: ${test_case_name}</arg>
<doc>Logs the given message with the given level.</doc>
<status status="PASS" start="2025-09-15T21:42:27.022735" elapsed="0.000000"/>
</kw>
<kw name="Log" owner="BuiltIn">
<msg time="2025-09-15T21:42:27.022735" level="INFO">URL: http://localhost:7272/Registration.html</msg>
<arg>URL: ${URL}</arg>
<doc>Logs the given message with the given level.</doc>
<status status="PASS" start="2025-09-15T21:42:27.022735" elapsed="0.000000"/>
</kw>
<kw name="Log" owner="BuiltIn">
<msg time="2025-09-15T21:42:27.022735" level="INFO">Browser: Chrome</msg>
<arg>Browser: ${BROWSER}</arg>
<doc>Logs the given message with the given level.</doc>
<status status="PASS" start="2025-09-15T21:42:27.022735" elapsed="0.000000"/>
</kw>
<kw name="Log" owner="BuiltIn">
<msg time="2025-09-15T21:42:27.023739" level="INFO">Timestamp: 2025-09-15 21:42:27</msg>
<arg>Timestamp: ${current_time}</arg>
<doc>Logs the given message with the given level.</doc>
<status status="PASS" start="2025-09-15T21:42:27.022735" elapsed="0.001004"/>
</kw>
<kw name="Log" owner="BuiltIn">
<msg time="2025-09-15T21:42:27.023739" level="INFO"> </msg>
<arg>${SPACE}</arg>
<doc>Logs the given message with the given level.</doc>
<status status="PASS" start="2025-09-15T21:42:27.023739" elapsed="0.000000"/>
</kw>
<kw name="Log" owner="BuiltIn">
<msg time="2025-09-15T21:42:27.023739" level="INFO">=== Form Data ===</msg>
<arg>=== Form Data ===</arg>
<doc>Logs the given message with the given level.</doc>
<status status="PASS" start="2025-09-15T21:42:27.023739" elapsed="0.000000"/>
</kw>
<kw name="Log" owner="BuiltIn">
<msg time="2025-09-15T21:42:27.023739" level="INFO">First Name: Somsri</msg>
<arg>First Name: ${firstname}</arg>
<doc>Logs the given message with the given level.</doc>
<status status="PASS" start="2025-09-15T21:42:27.023739" elapsed="0.000000"/>
</kw>
<kw name="Log" owner="BuiltIn">
<msg time="2025-09-15T21:42:27.023739" level="INFO">Last Name: Sodsai</msg>
<arg>Last Name: ${lastname}</arg>
<doc>Logs the given message with the given level.</doc>
<status status="PASS" start="2025-09-15T21:42:27.023739" elapsed="0.000000"/>
</kw>
<kw name="Log" owner="BuiltIn">
<msg time="2025-09-15T21:42:27.023739" level="INFO">Organization: CS KKU</msg>
<arg>Organization: ${organization}</arg>
<doc>Logs the given message with the given level.</doc>
<status status="PASS" start="2025-09-15T21:42:27.023739" elapsed="0.000000"/>
</kw>
<kw name="Log" owner="BuiltIn">
<msg time="2025-09-15T21:42:27.023739" level="INFO">Email: somsri@kkumail.com</msg>
<arg>Email: ${email}</arg>
<doc>Logs the given message with the given level.</doc>
<status status="PASS" start="2025-09-15T21:42:27.023739" elapsed="0.000000"/>
</kw>
<kw name="Log" owner="BuiltIn">
<msg time="2025-09-15T21:42:27.023739" level="INFO">Phone: [EMPTY]</msg>
<arg>Phone: ${phone}</arg>
<doc>Logs the given message with the given level.</doc>
<status status="PASS" start="2025-09-15T21:42:27.023739" elapsed="0.000000"/>
</kw>
<kw name="Log" owner="BuiltIn">
<msg time="2025-09-15T21:42:27.024799" level="INFO"> </msg>
<arg>${SPACE}</arg>
<doc>Logs the given message with the given level.</doc>
<status status="PASS" start="2025-09-15T21:42:27.024799" elapsed="0.000000"/>
</kw>
<kw name="Log" owner="BuiltIn">
<msg time="2025-09-15T21:42:27.024799" level="INFO">=== Action ===</msg>
<arg>=== Action ===</arg>
<doc>Logs the given message with the given level.</doc>
<status status="PASS" start="2025-09-15T21:42:27.024799" elapsed="0.000000"/>
</kw>
<kw name="Log" owner="BuiltIn">
<msg time="2025-09-15T21:42:27.024799" level="INFO">Action: Clicked Register Button</msg>
<arg>Action: Clicked Register Button</arg>
<doc>Logs the given message with the given level.</doc>
<status status="PASS" start="2025-09-15T21:42:27.024799" elapsed="0.000000"/>
</kw>
<kw name="Log" owner="BuiltIn">
<msg time="2025-09-15T21:42:27.024799" level="INFO">Status: Form Submitted</msg>
<arg>Status: Form Submitted</arg>
<doc>Logs the given message with the given level.</doc>
<status status="PASS" start="2025-09-15T21:42:27.024799" elapsed="0.000000"/>
</kw>
<kw name="Log" owner="BuiltIn">
<msg time="2025-09-15T21:42:27.024799" level="INFO">=====================================</msg>
<arg>=====================================</arg>
<doc>Logs the given message with the given level.</doc>
<status status="PASS" start="2025-09-15T21:42:27.024799" elapsed="0.000000"/>
</kw>
<arg>Empty Phone Number</arg>
<arg>${FIRST_NAME}</arg>
<arg>${LAST_NAME}</arg>
<arg>${ORGANIZATION}</arg>
<arg>${EMAIL}</arg>
<arg>${EMPTY_VALUE}</arg>
<doc>สร้างรายงานสำหรับแต่ละ Test Case</doc>
<status status="PASS" start="2025-09-15T21:42:27.021730" elapsed="0.003069"/>
</kw>
<kw name="Close Browser" owner="SeleniumLibrary">
<doc>Closes the current browser.</doc>
<status status="PASS" start="2025-09-15T21:42:27.024799" elapsed="2.106816"/>
</kw>
<status status="PASS" start="2025-09-15T21:42:25.360805" elapsed="3.771740"/>
</kw>
<kw name="Test Invalid Phone Number">
<kw name="Log" owner="BuiltIn">
<msg time="2025-09-15T21:42:29.134099" level="INFO">=== Test Case 6: Invalid Phone Number ===</msg>
<arg>=== Test Case 6: Invalid Phone Number ===</arg>
<doc>Logs the given message with the given level.</doc>
<status status="PASS" start="2025-09-15T21:42:29.134099" elapsed="0.000000"/>
</kw>
<kw name="Open Registration Page">
<kw name="Open Browser" owner="SeleniumLibrary">
<msg time="2025-09-15T21:42:29.137582" level="INFO">Opening browser 'Chrome' to base url 'http://localhost:7272/Registration.html'.</msg>
<arg>${URL}</arg>
<arg>${BROWSER}</arg>
<doc>Opens a new browser instance to the optional ``url``.</doc>
<status status="PASS" start="2025-09-15T21:42:29.135892" elapsed="1.394598"/>
</kw>
<kw name="Maximize Browser Window" owner="SeleniumLibrary">
<doc>Maximizes current browser window.</doc>
<status status="PASS" start="2025-09-15T21:42:30.530490" elapsed="0.036143"/>
</kw>
<kw name="Wait Until Page Contains" owner="SeleniumLibrary">
<arg>Event Registration</arg>
<arg>timeout=10s</arg>
<doc>Waits until ``text`` appears on the current page.</doc>
<status status="PASS" start="2025-09-15T21:42:30.566633" elapsed="0.009574"/>
</kw>
<status status="PASS" start="2025-09-15T21:42:29.135892" elapsed="1.440315"/>
</kw>
<kw name="Input Text" owner="SeleniumLibrary">
<msg time="2025-09-15T21:42:30.576207" level="INFO">Typing text 'Somsri' into text field 'name=firstname'.</msg>
<arg>name=firstname</arg>
<arg>${FIRST_NAME}</arg>
<doc>Types the given ``text`` into the text field identified by ``locator``.</doc>
<status status="PASS" start="2025-09-15T21:42:30.576207" elapsed="0.060453"/>
</kw>
<kw name="Input Text" owner="SeleniumLibrary">
<msg time="2025-09-15T21:42:30.636660" level="INFO">Typing text 'Sodsai' into text field 'name=lastname'.</msg>
<arg>name=lastname</arg>
<arg>${LAST_NAME}</arg>
<doc>Types the given ``text`` into the text field identified by ``locator``.</doc>
<status status="PASS" start="2025-09-15T21:42:30.636660" elapsed="0.043625"/>
</kw>
<kw name="Input Text" owner="SeleniumLibrary">
<msg time="2025-09-15T21:42:30.680285" level="INFO">Typing text 'CS KKU' into text field 'name=organization'.</msg>
<arg>name=organization</arg>
<arg>${ORGANIZATION}</arg>
<doc>Types the given ``text`` into the text field identified by ``locator``.</doc>
<status status="PASS" start="2025-09-15T21:42:30.680285" elapsed="0.040936"/>
</kw>
<kw name="Input Text" owner="SeleniumLibrary">
<msg time="2025-09-15T21:42:30.722221" level="INFO">Typing text 'somsri@kkumail.com' into text field 'name=email'.</msg>
<arg>name=email</arg>
<arg>${EMAIL}</arg>
<doc>Types the given ``text`` into the text field identified by ``locator``.</doc>
<status status="PASS" start="2025-09-15T21:42:30.722221" elapsed="0.049166"/>
</kw>
<kw name="Input Text" owner="SeleniumLibrary">
<msg time="2025-09-15T21:42:30.771387" level="INFO">Typing text '1234' into text field 'name=phone'.</msg>
<arg>name=phone</arg>
<arg>${INVALID_PHONE}</arg>
<doc>Types the given ``text`` into the text field identified by ``locator``.</doc>
<status status="PASS" start="2025-09-15T21:42:30.771387" elapsed="0.038826"/>
</kw>
<kw name="Click Button" owner="SeleniumLibrary">
<msg time="2025-09-15T21:42:30.810213" level="INFO">Clicking button 'Register'.</msg>
<arg>Register</arg>
<doc>Clicks the button identified by ``locator``.</doc>
<status status="PASS" start="2025-09-15T21:42:30.810213" elapsed="0.041369"/>
</kw>
<kw name="Generate Test Report">
<kw name="Get Time" owner="BuiltIn">
<msg time="2025-09-15T21:42:30.851582" level="INFO">${current_time} = 2025-09-15 21:42:30</msg>
<var>${current_time}</var>
<doc>Returns the given time in the requested format.</doc>
<status status="PASS" start="2025-09-15T21:42:30.851582" elapsed="0.000000"/>
</kw>
<kw name="Log" owner="BuiltIn">
<msg time="2025-09-15T21:42:30.851582" level="INFO">========== TEST CASE REPORT ==========</msg>
<arg>========== TEST CASE REPORT ==========</arg>
<doc>Logs the given message with the given level.</doc>
<status status="PASS" start="2025-09-15T21:42:30.851582" elapsed="0.000000"/>
</kw>
<kw name="Log" owner="BuiltIn">
<msg time="2025-09-15T21:42:30.852582" level="INFO">Test Case: Invalid Phone Number</msg>
<arg>Test Case: ${test_case_name}</arg>
<doc>Logs the given message with the given level.</doc>
<status status="PASS" start="2025-09-15T21:42:30.852582" elapsed="0.000000"/>
</kw>
<kw name="Log" owner="BuiltIn">
<msg time="2025-09-15T21:42:30.852582" level="INFO">URL: http://localhost:7272/Registration.html</msg>
<arg>URL: ${URL}</arg>
<doc>Logs the given message with the given level.</doc>
<status status="PASS" start="2025-09-15T21:42:30.852582" elapsed="0.000000"/>
</kw>
<kw name="Log" owner="BuiltIn">
<msg time="2025-09-15T21:42:30.852582" level="INFO">Browser: Chrome</msg>
<arg>Browser: ${BROWSER}</arg>
<doc>Logs the given message with the given level.</doc>
<status status="PASS" start="2025-09-15T21:42:30.852582" elapsed="0.000000"/>
</kw>
<kw name="Log" owner="BuiltIn">
<msg time="2025-09-15T21:42:30.852582" level="INFO">Timestamp: 2025-09-15 21:42:30</msg>
<arg>Timestamp: ${current_time}</arg>
<doc>Logs the given message with the given level.</doc>
<status status="PASS" start="2025-09-15T21:42:30.852582" elapsed="0.000000"/>
</kw>
<kw name="Log" owner="BuiltIn">
<msg time="2025-09-15T21:42:30.852582" level="INFO"> </msg>
<arg>${SPACE}</arg>
<doc>Logs the given message with the given level.</doc>
<status status="PASS" start="2025-09-15T21:42:30.852582" elapsed="0.000000"/>
</kw>
<kw name="Log" owner="BuiltIn">
<msg time="2025-09-15T21:42:30.852582" level="INFO">=== Form Data ===</msg>
<arg>=== Form Data ===</arg>
<doc>Logs the given message with the given level.</doc>
<status status="PASS" start="2025-09-15T21:42:30.852582" elapsed="0.000000"/>
</kw>
<kw name="Log" owner="BuiltIn">
<msg time="2025-09-15T21:42:30.853589" level="INFO">First Name: Somsri</msg>
<arg>First Name: ${firstname}</arg>
<doc>Logs the given message with the given level.</doc>
<status status="PASS" start="2025-09-15T21:42:30.852582" elapsed="0.001007"/>
</kw>
<kw name="Log" owner="BuiltIn">
<msg time="2025-09-15T21:42:30.853589" level="INFO">Last Name: Sodsai</msg>
<arg>Last Name: ${lastname}</arg>
<doc>Logs the given message with the given level.</doc>
<status status="PASS" start="2025-09-15T21:42:30.853589" elapsed="0.000000"/>
</kw>
<kw name="Log" owner="BuiltIn">
<msg time="2025-09-15T21:42:30.853589" level="INFO">Organization: CS KKU</msg>
<arg>Organization: ${organization}</arg>
<doc>Logs the given message with the given level.</doc>
<status status="PASS" start="2025-09-15T21:42:30.853589" elapsed="0.000000"/>
</kw>
<kw name="Log" owner="BuiltIn">
<msg time="2025-09-15T21:42:30.853589" level="INFO">Email: somsri@kkumail.com</msg>
<arg>Email: ${email}</arg>
<doc>Logs the given message with the given level.</doc>
<status status="PASS" start="2025-09-15T21:42:30.853589" elapsed="0.000000"/>
</kw>
<kw name="Log" owner="BuiltIn">
<msg time="2025-09-15T21:42:30.853589" level="INFO">Phone: 1234</msg>
<arg>Phone: ${phone}</arg>
<doc>Logs the given message with the given level.</doc>
<status status="PASS" start="2025-09-15T21:42:30.853589" elapsed="0.000000"/>
</kw>
<kw name="Log" owner="BuiltIn">
<msg time="2025-09-15T21:42:30.853589" level="INFO"> </msg>
<arg>${SPACE}</arg>
<doc>Logs the given message with the given level.</doc>
<status status="PASS" start="2025-09-15T21:42:30.853589" elapsed="0.000000"/>
</kw>
<kw name="Log" owner="BuiltIn">
<msg time="2025-09-15T21:42:30.853589" level="INFO">=== Action ===</msg>
<arg>=== Action ===</arg>
<doc>Logs the given message with the given level.</doc>
<status status="PASS" start="2025-09-15T21:42:30.853589" elapsed="0.000000"/>
</kw>
<kw name="Log" owner="BuiltIn">
<msg time="2025-09-15T21:42:30.853589" level="INFO">Action: Clicked Register Button</msg>
<arg>Action: Clicked Register Button</arg>
<doc>Logs the given message with the given level.</doc>
<status status="PASS" start="2025-09-15T21:42:30.853589" elapsed="0.000000"/>
</kw>
<kw name="Log" owner="BuiltIn">
<msg time="2025-09-15T21:42:30.853589" level="INFO">Status: Form Submitted</msg>
<arg>Status: Form Submitted</arg>
<doc>Logs the given message with the given level.</doc>
<status status="PASS" start="2025-09-15T21:42:30.853589" elapsed="0.001100"/>
</kw>
<kw name="Log" owner="BuiltIn">
<msg time="2025-09-15T21:42:30.854689" level="INFO">=====================================</msg>
<arg>=====================================</arg>
<doc>Logs the given message with the given level.</doc>
<status status="PASS" start="2025-09-15T21:42:30.854689" elapsed="0.000000"/>
</kw>
<arg>Invalid Phone Number</arg>
<arg>${FIRST_NAME}</arg>
<arg>${LAST_NAME}</arg>
<arg>${ORGANIZATION}</arg>
<arg>${EMAIL}</arg>
<arg>${INVALID_PHONE}</arg>
<doc>สร้างรายงานสำหรับแต่ละ Test Case</doc>
<status status="PASS" start="2025-09-15T21:42:30.851582" elapsed="0.003107"/>
</kw>
<kw name="Close Browser" owner="SeleniumLibrary">
<doc>Closes the current browser.</doc>
<status status="PASS" start="2025-09-15T21:42:30.854689" elapsed="2.083006"/>
</kw>
<status status="PASS" start="2025-09-15T21:42:29.134099" elapsed="3.804598"/>
</kw>
<status status="PASS" start="2025-09-15T21:42:10.231121" elapsed="22.708570"/>
</test>
<status status="PASS" start="2025-09-15T21:42:10.088018" elapsed="22.856206"/>
</suite>
<statistics>
<total>
<stat pass="1" fail="0" skip="0">All Tests</stat>
</total>
<tag>
</tag>
<suite>
<stat name="Event Registration Fail" id="s1" pass="1" fail="0" skip="0">Event Registration Fail</stat>
</suite>
</statistics>
<errors>
</errors>
</robot>
