<?xml version="1.0" encoding="UTF-8"?>
<robot generator="Robot 7.3.2 (Python 3.11.9 on win32)" generated="2025-09-15T21:41:08.282548" rpa="false" schemaversion="5">
<suite id="s1" name="Event Registration No Organization" source="D:\SQA\Lab10\Starterfiles\Starterfiles\Test\Login_success\event_registration_no_organization.robot">
<test id="s1-t1" name="Open Event Registration Page" line="13">
<kw name="Open Registration Page">
<kw name="Open Browser" owner="SeleniumLibrary">
<msg time="2025-09-15T21:41:08.427517" level="INFO">Opening browser 'Chrome' to base url 'http://localhost:7272/Registration.html'.</msg>
<arg>${URL}</arg>
<arg>${BROWSER}</arg>
<doc>Opens a new browser instance to the optional ``url``.</doc>
<status status="PASS" start="2025-09-15T21:41:08.426507" elapsed="1.419901"/>
</kw>
<kw name="Maximize Browser Window" owner="SeleniumLibrary">
<doc>Maximizes current browser window.</doc>
<status status="PASS" start="2025-09-15T21:41:09.846408" elapsed="0.041238"/>
</kw>
<kw name="Wait Until Page Contains" owner="SeleniumLibrary">
<arg>Event Registration</arg>
<arg>timeout=10s</arg>
<doc>Waits until ``text`` appears on the current page.</doc>
<status status="PASS" start="2025-09-15T21:41:09.887646" elapsed="0.010510"/>
</kw>
<status status="PASS" start="2025-09-15T21:41:08.426507" elapsed="1.471649"/>
</kw>
<status status="PASS" start="2025-09-15T21:41:08.425516" elapsed="1.472640"/>
</test>
<test id="s1-t2" name="Register Success No Organization Info" line="16">
<kw name="Open Registration Page" type="SETUP">
<kw name="Open Browser" owner="SeleniumLibrary">
<msg time="2025-09-15T21:41:09.900155" level="INFO">Opening browser 'Chrome' to base url 'http://localhost:7272/Registration.html'.</msg>
<arg>${URL}</arg>
<arg>${BROWSER}</arg>
<doc>Opens a new browser instance to the optional ``url``.</doc>
<status status="PASS" start="2025-09-15T21:41:09.899155" elapsed="1.377152"/>
</kw>
<kw name="Maximize Browser Window" owner="SeleniumLibrary">
<doc>Maximizes current browser window.</doc>
<status status="PASS" start="2025-09-15T21:41:11.276307" elapsed="0.026044"/>
</kw>
<kw name="Wait Until Page Contains" owner="SeleniumLibrary">
<arg>Event Registration</arg>
<arg>timeout=10s</arg>
<doc>Waits until ``text`` appears on the current page.</doc>
<status status="PASS" start="2025-09-15T21:41:11.302351" elapsed="0.010514"/>
</kw>
<status status="PASS" start="2025-09-15T21:41:09.899155" elapsed="1.414709"/>
</kw>
<kw name="Fill Registration Form Without Organization">
<kw name="Input Text" owner="SeleniumLibrary">
<msg time="2025-09-15T21:41:11.313864" level="INFO">Typing text 'Somsri' into text field 'name=firstname'.</msg>
<arg>name=firstname</arg>
<arg>${FIRST_NAME}</arg>
<doc>Types the given ``text`` into the text field identified by ``locator``.</doc>
<status status="PASS" start="2025-09-15T21:41:11.313864" elapsed="0.057100"/>
</kw>
<kw name="Input Text" owner="SeleniumLibrary">
<msg time="2025-09-15T21:41:11.370964" level="INFO">Typing text 'Sodsai' into text field 'name=lastname'.</msg>
<arg>name=lastname</arg>
<arg>${LAST_NAME}</arg>
<doc>Types the given ``text`` into the text field identified by ``locator``.</doc>
<status status="PASS" start="2025-09-15T21:41:11.370964" elapsed="0.050410"/>
</kw>
<kw name="Input Text" owner="SeleniumLibrary">
<msg time="2025-09-15T21:41:11.422826" level="INFO">Typing text 'somsri@kkumail.com' into text field 'name=email'.</msg>
<arg>name=email</arg>
<arg>${EMAIL}</arg>
<doc>Types the given ``text`` into the text field identified by ``locator``.</doc>
<status status="PASS" start="2025-09-15T21:41:11.421374" elapsed="0.059915"/>
</kw>
<kw name="Input Text" owner="SeleniumLibrary">
<msg time="2025-09-15T21:41:11.482525" level="INFO">Typing text '081-001-1234' into text field 'name=phone'.</msg>
<arg>name=phone</arg>
<arg>${PHONE}</arg>
<doc>Types the given ``text`` into the text field identified by ``locator``.</doc>
<status status="PASS" start="2025-09-15T21:41:11.481289" elapsed="0.055774"/>
</kw>
<status status="PASS" start="2025-09-15T21:41:11.313864" elapsed="0.224199"/>
</kw>
<kw name="Submit Registration Form">
<kw name="Click Button" owner="SeleniumLibrary">
<msg time="2025-09-15T21:41:11.538063" level="INFO">Clicking button 'Register'.</msg>
<arg>Register</arg>
<doc>Clicks the button identified by ``locator``.</doc>
<status status="PASS" start="2025-09-15T21:41:11.538063" elapsed="0.066230"/>
</kw>
<kw name="Log" owner="BuiltIn">
<msg time="2025-09-15T21:41:11.605293" level="INFO">Registration form submitted</msg>
<arg>Registration form submitted</arg>
<doc>Logs the given message with the given level.</doc>
<status status="PASS" start="2025-09-15T21:41:11.604293" elapsed="0.001000"/>
</kw>
<status status="PASS" start="2025-09-15T21:41:11.538063" elapsed="0.067230"/>
</kw>
<kw name="Generate Registration Report">
<kw name="Log" owner="BuiltIn">
<msg time="2025-09-15T21:41:11.605293" level="INFO">========== REGISTRATION REPORT ==========</msg>
<arg>========== REGISTRATION REPORT ==========</arg>
<doc>Logs the given message with the given level.</doc>
<status status="PASS" start="2025-09-15T21:41:11.605293" elapsed="0.000000"/>
</kw>
<kw name="Log" owner="BuiltIn">
<msg time="2025-09-15T21:41:11.606749" level="INFO">Registration Type: No Organization Info</msg>
<arg>Registration Type: No Organization Info</arg>
<doc>Logs the given message with the given level.</doc>
<status status="PASS" start="2025-09-15T21:41:11.605293" elapsed="0.001456"/>
</kw>
<kw name="Log" owner="BuiltIn">
<msg time="2025-09-15T21:41:11.606749" level="INFO">First Name: Somsri</msg>
<arg>First Name: ${FIRST_NAME}</arg>
<doc>Logs the given message with the given level.</doc>
<status status="PASS" start="2025-09-15T21:41:11.606749" elapsed="0.000000"/>
</kw>
<kw name="Log" owner="BuiltIn">
<msg time="2025-09-15T21:41:11.606749" level="INFO">Last Name: Sodsai</msg>
<arg>Last Name: ${LAST_NAME}</arg>
<doc>Logs the given message with the given level.</doc>
<status status="PASS" start="2025-09-15T21:41:11.606749" elapsed="0.000000"/>
</kw>
<kw name="Log" owner="BuiltIn">
<msg time="2025-09-15T21:41:11.606749" level="INFO">Organization: [NOT PROVIDED]</msg>
<arg>Organization: [NOT PROVIDED]</arg>
<doc>Logs the given message with the given level.</doc>
<status status="PASS" start="2025-09-15T21:41:11.606749" elapsed="0.000000"/>
</kw>
<kw name="Log" owner="BuiltIn">
<msg time="2025-09-15T21:41:11.606749" level="INFO">Email: somsri@kkumail.com</msg>
<arg>Email: ${EMAIL}</arg>
<doc>Logs the given message with the given level.</doc>
<status status="PASS" start="2025-09-15T21:41:11.606749" elapsed="0.000000"/>
</kw>
<kw name="Log" owner="BuiltIn">
<msg time="2025-09-15T21:41:11.607754" level="INFO">Phone: 081-001-1234</msg>
<arg>Phone: ${PHONE}</arg>
<doc>Logs the given message with the given level.</doc>
<status status="PASS" start="2025-09-15T21:41:11.606749" elapsed="0.001005"/>
</kw>
<kw name="Log" owner="BuiltIn">
<msg time="2025-09-15T21:41:11.607754" level="INFO">Registration Status: SUCCESS</msg>
<arg>Registration Status: SUCCESS</arg>
<doc>Logs the given message with the given level.</doc>
<status status="PASS" start="2025-09-15T21:41:11.607754" elapsed="0.000000"/>
</kw>
<kw name="Log" owner="BuiltIn">
<msg time="2025-09-15T21:41:11.607754" level="INFO">Note: Registration successful without organization information</msg>
<arg>Note: Registration successful without organization information</arg>
<doc>Logs the given message with the given level.</doc>
<status status="PASS" start="2025-09-15T21:41:11.607754" elapsed="0.000000"/>
</kw>
<kw name="Log" owner="BuiltIn">
<msg time="2025-09-15T21:41:11.607754" level="INFO">==========================================</msg>
<arg>==========================================</arg>
<doc>Logs the given message with the given level.</doc>
<status status="PASS" start="2025-09-15T21:41:11.607754" elapsed="0.000000"/>
</kw>
<doc>สร้างรายงานการลงทะเบียน</doc>
<status status="PASS" start="2025-09-15T21:41:11.605293" elapsed="0.002461"/>
</kw>
<kw name="Close Browser" owner="SeleniumLibrary">
<doc>Closes the current browser.</doc>
<status status="PASS" start="2025-09-15T21:41:11.607754" elapsed="2.080658"/>
</kw>
<status status="PASS" start="2025-09-15T21:41:09.899155" elapsed="3.790284"/>
</test>
<status status="PASS" start="2025-09-15T21:41:08.282548" elapsed="5.409421"/>
</suite>
<statistics>
<total>
<stat pass="2" fail="0" skip="0">All Tests</stat>
</total>
<tag>
</tag>
<suite>
<stat name="Event Registration No Organization" id="s1" pass="2" fail="0" skip="0">Event Registration No Organization</stat>
</suite>
</statistics>
<errors>
</errors>
</robot>
